<?xml version="1.0" encoding="UTF-8" ?>
<testsuite tests="9" failures="1" name="com.ticketing.service.services.TicketServiceImplTest" time="9.073" errors="0" skipped="0">
  <properties>
[...]
</properties>
  <testcase classname="com.ticketing.service.services.TicketServiceImplTest" name="testFindAndHoldSeatsAvailableSeatsNotReserved" time="2.979"/>
  <testcase classname="com.ticketing.service.services.TicketServiceImplTest" name="testFindAndHoldSeats" time="0.001"/>
  <testcase classname="com.ticketing.service.services.TicketServiceImplTest" name="testFindSeatHoldAndReserveReserveSeatsConcurrent" time="0.065"/>
  <testcase classname="com.ticketing.service.services.TicketServiceImplTest" name="testFindAndHoldSeatsAvailableSeatsReservedAgain" time="3.003"/>
  <testcase classname="com.ticketing.service.services.TicketServiceImplTest" name="testReserveSeats" time="0.003"/>
  <testcase classname="com.ticketing.service.services.TicketServiceImplTest" name="testFindAndHoldSeatsNoConsecutive" time="0.002"/>
  <testcase classname="com.ticketing.service.services.TicketServiceImplTest" name="testNumSeatsAvailable" time="0.001"/>
  <testcase classname="com.ticketing.service.services.TicketServiceImplTest" name="testFindAndHoldSeatsNotReservedWithinTimeOut" time="3.019">
    <failure message="expected:&lt;16&gt; but was:&lt;15&gt;" type="junit.framework.AssertionFailedError">junit.framework.AssertionFailedError: expected:&lt;16&gt; but was:&lt;15&gt;
	at junit.framework.Assert.fail(Assert.java:57)
	at junit.framework.Assert.failNotEquals(Assert.java:329)
	at junit.framework.Assert.assertEquals(Assert.java:78)
	at junit.framework.Assert.assertEquals(Assert.java:234)
	at junit.framework.Assert.assertEquals(Assert.java:241)
	at junit.framework.TestCase.assertEquals(TestCase.java:409)
	at com.ticketing.service.services.TicketServiceImplTest.testFindAndHoldSeatsNotReservedWithinTimeOut(TicketServiceImplTest.java:129)
	at sun.reflect.NativeMethodAccessorImpl.invoke0(Native Method)
	at sun.reflect.NativeMethodAccessorImpl.invoke(NativeMethodAccessorImpl.java:62)
	at sun.reflect.DelegatingMethodAccessorImpl.invoke(DelegatingMethodAccessorImpl.java:43)
	at java.lang.reflect.Method.invoke(Method.java:498)
	at junit.framework.TestCase.runTest(TestCase.java:176)
	at junit.framework.TestCase.runBare(TestCase.java:141)
	at junit.framework.TestResult$1.protect(TestResult.java:122)
	at junit.framework.TestResult.runProtected(TestResult.java:142)
	at junit.framework.TestResult.run(TestResult.java:125)
	at junit.framework.TestCase.run(TestCase.java:129)
	at junit.framework.TestSuite.runTest(TestSuite.java:252)
	at junit.framework.TestSuite.run(TestSuite.java:247)
	at org.junit.internal.runners.JUnit38ClassRunner.run(JUnit38ClassRunner.java:86)
	at org.apache.maven.surefire.junit4.JUnit4Provider.execute(JUnit4Provider.java:252)
	at org.apache.maven.surefire.junit4.JUnit4Provider.executeTestSet(JUnit4Provider.java:141)
	at org.apache.maven.surefire.junit4.JUnit4Provider.invoke(JUnit4Provider.java:112)
	at sun.reflect.NativeMethodAccessorImpl.invoke0(Native Method)
	at sun.reflect.NativeMethodAccessorImpl.invoke(NativeMethodAccessorImpl.java:62)
	at sun.reflect.DelegatingMethodAccessorImpl.invoke(DelegatingMethodAccessorImpl.java:43)
	at java.lang.reflect.Method.invoke(Method.java:498)
	at org.apache.maven.surefire.util.ReflectionUtils.invokeMethodWithArray(ReflectionUtils.java:189)
	at org.apache.maven.surefire.booter.ProviderFactory$ProviderProxy.invoke(ProviderFactory.java:165)
	at org.apache.maven.surefire.booter.ProviderFactory.invokeProvider(ProviderFactory.java:85)
	at org.apache.maven.surefire.booter.ForkedBooter.runSuitesInProcess(ForkedBooter.java:115)
	at org.apache.maven.surefire.booter.ForkedBooter.main(ForkedBooter.java:75)
</failure>
    <system-out>Can&apos;t hold 3 seats any longer for customerEmail
</system-out>
  </testcase>
  <testcase classname="com.ticketing.service.services.TicketServiceImplTest" name="testFindAndHoldSeatsOverbooking" time="0"/>
</testsuite>